This is pdfTeX, Version 3.141592653-2.6-1.40.25 (TeX Live 2023) (preloaded format=pdflatex 2023.4.2)  2 APR 2023 10:32
entering extended mode
 restricted \write18 enabled.
 %&-line parsing enabled.
**Final-Report-TEAM-Number.tex -o output.pdf
(./Final-Report-TEAM-Number.tex
LaTeX2e <2022-11-01> patch level 1
L3 programming layer <2023-02-22>

! LaTeX Error: File `IEEEtran.cls' not found.

Type X to quit or <RETURN> to proceed,
or enter new name. (Default extension: cls)

Enter file name: 
! Interruption.
<to be read again> 
                   }
l.3 \makeatletter
                 ^^M
? 
! Emergency stop.
<to be read again> 
                   }
l.3 \makeatletter
                 ^^M
End of file on the terminal!

 
Here is how much of TeX's memory you used:
 23 strings out of 477476
 543 string characters out of 5824245
 1849388 words of memory out of 5000000
 20364 multiletter control sequences out of 15000+600000
 512287 words of font info for 32 fonts, out of 8000000 for 9000
 319 hyphenation exceptions out of 8191
 19i,0n,29p,110b,17s stack positions out of 10000i,1000n,20000p,200000b,200000s
!  ==> Fatal error occurred, no output PDF file produced!
